<?xml version="1.0" encoding="UTF-8"?>
<testsuite xmlns:xsi="http://www.w3.org/2001/XMLSchema-instance" xsi:noNamespaceSchemaLocation="https://maven.apache.org/surefire/maven-surefire-plugin/xsd/surefire-test-report-3.0.xsd" version="3.0" name="co.wedevx.digitalbank.automation.ui.runners.UiRegressionRunner" time="14.376" tests="1" errors="0" skipped="0" failures="0">
  <properties>
[...]
</properties>
  <testcase name="Positive Case: As a user I create to create Digital BAnk account" classname="Digital bank registration bank" time="14.202">
    <system-out><![CDATA[
@Registration @Test
Scenario: Positive Case: As a user I create to create Digital BAnk account                        &amp#27;[90m# ui/features/checking/LoginAndRegistration/Registration.feature:10&amp#27;[0m
  &amp#27;[32mGiven &amp#27;[0m&amp#27;[32mThe user with &amp#27;[0m&amp#27;[32m&amp#27;[1m"jack@test.co"&amp#27;[0m&amp#27;[32m is not in DB&amp#27;[0m                                                 &amp#27;[90m# co.wedevx.digitalbank.automation.ui.steps.RegistrationSteps.theUserWithIsNotInDB(java.lang.String)&amp#27;[0m
  &amp#27;[32mAnd &amp#27;[0m&amp#27;[32mUser navigates to Digital Bank signup page&amp#27;[0m                                                  &amp#27;[90m# co.wedevx.digitalbank.automation.ui.steps.RegistrationSteps.user_navigates_to_digital_bank_signup_page()&amp#27;[0m
  &amp#27;[32mWhen &amp#27;[0m&amp#27;[32mUser creates account with following fields&amp#27;[0m                                                 &amp#27;[90m# co.wedevx.digitalbank.automation.ui.steps.RegistrationSteps.user_creates_account_with_following_fields(java.util.List<java.util.Map<java.lang.String, java.lang.String>>)&amp#27;[0m
    | title | firstName | lastName | gender | dob        | ssn         | email        | password  | address    | locality | region | postalCode | country | homePhone  | mobilePhone | workPhone  | termsCheckMark |
    | Mr.   | Jack      | Test     | M      | 12/12/1990 | 123-44-2235 | jack@test.co | Tester123 | 12 Main St | City     | CA     | 99921      | US      | 2146591008 | 2136591208  | 1126593000 | true           |
  &amp#27;[32mThen &amp#27;[0m&amp#27;[32mUser should be displayed with the message &amp#27;[0m&amp#27;[32m&amp#27;[1m"Success Registration Successful. Please Login."&amp#27;[0m &amp#27;[90m# co.wedevx.digitalbank.automation.ui.steps.RegistrationSteps.user_should_be_displayed_with_the_message(java.lang.String)&amp#27;[0m
  &amp#27;[32mThen &amp#27;[0m&amp#27;[32mthe following user info should be saved in the db&amp#27;[0m                                          &amp#27;[90m# co.wedevx.digitalbank.automation.ui.steps.RegistrationSteps.theFollowingUserInfoShouldBeSavedInTheDb(java.util.List<java.util.Map<java.lang.String, java.lang.String>>)&amp#27;[0m
    | title | firstName | lastName | gender | dob        | ssn         | email        | password  | address    | locality | region | postalCode | country | homePhone  | mobilePhone | workPhone  | accountNonExpired | accountNonLocked | credentialsNonExpired | enabled |
    | Mr.   | Jack      | Test     | M      | 12/12/1990 | 123-44-2235 | jack@test.co | Tester123 | 12 Main St | City     | CA     | 99921      | US      | 2146591008 | 2136591208  | 1126593000 | true              | true             | true                  | true    |
]]></system-out>
    <system-err><![CDATA[Loading class `com.mysql.jdbc.Driver'. This is deprecated. The new driver class is `com.mysql.cj.jdbc.Driver'. The driver is automatically registered via the SPI and manual loading of the driver class is generally unnecessary.
SLF4J: No SLF4J providers were found.
SLF4J: Defaulting to no-operation (NOP) logger implementation
SLF4J: See https://www.slf4j.org/codes.html#noProviders for further details.
Starting ChromeDriver 120.0.6099.71 (9729082fe6174c0a371fc66501f5efc5d69d3d2b-refs/branch-heads/6099_56@{#13}) on port 1041
Only local connections are allowed.
Please see https://chromedriver.chromium.org/security-considerations for suggestions on keeping ChromeDriver safe.
ChromeDriver was started successfully.
[1702532328.643][WARNING]: Deprecated chrome option is ignored: useAutomationExtension
[1702532328.643][WARNING]: Deprecated chrome option is ignored: useAutomationExtension
Dec 13, 2023 11:38:49 PM org.openqa.selenium.remote.ProtocolHandshake createSession
INFO: Detected dialect: W3C
]]></system-err>
  </testcase>
</testsuite>